[0m08:30:44.524957 [debug] [MainThread]: Sending event: {'category': 'dbt', 'action': 'invocation', 'label': 'start', 'context': [<snowplow_tracker.self_describing_json.SelfDescribingJson object at 0x00000253A7057B90>, <snowplow_tracker.self_describing_json.SelfDescribingJson object at 0x00000253A7B45910>, <snowplow_tracker.self_describing_json.SelfDescribingJson object at 0x00000253A7B9FC50>]}


============================== 08:30:44.576192 | a104fbfb-3c1a-4549-9421-1056c06173a9 ==============================
[0m08:30:44.576192 [info ] [MainThread]: Running with dbt=1.9.2
[0m08:30:44.578354 [debug] [MainThread]: running dbt with arguments {'printer_width': '80', 'indirect_selection': 'eager', 'write_json': 'True', 'log_cache_events': 'False', 'partial_parse': 'True', 'cache_selected_only': 'False', 'profiles_dir': 'C:\\Users\\yusto\\.dbt', 'debug': 'False', 'warn_error': 'None', 'log_path': 'logs', 'fail_fast': 'False', 'version_check': 'True', 'use_colors': 'True', 'use_experimental_parser': 'False', 'no_print': 'None', 'quiet': 'False', 'empty': 'None', 'log_format': 'default', 'introspect': 'True', 'static_parser': 'True', 'invocation_command': 'dbt init', 'target_path': 'None', 'warn_error_options': 'WarnErrorOptions(include=[], exclude=[])', 'send_anonymous_usage_stats': 'True'}
[0m08:30:44.649960 [warn ] [MainThread]: [ConfigFolderDirectory]: Unable to parse logging event dictionary. Failed to parse dir field: expected string or bytes-like object, got 'WindowsPath'.. Dictionary: {'dir': WindowsPath('C:/Users/yusto/.dbt')}
[0m08:30:44.652804 [info ] [MainThread]: Creating dbt configuration folder at 
[0m08:31:40.709710 [debug] [MainThread]: Starter project path: C:\Users\yusto\AppData\Local\Programs\Python\Python311\Lib\site-packages\dbt\include\starter_project
[0m08:31:40.887788 [info ] [MainThread]: 
Your new dbt project "apexgcp" was created!

For more information on how to configure the profiles.yml file,
please consult the dbt documentation here:

  https://docs.getdbt.com/docs/configure-your-profile

One more thing:

Need help? Don't hesitate to reach out to us via GitHub issues or on Slack:

  https://community.getdbt.com/

Happy modeling!

[0m08:31:40.893809 [info ] [MainThread]: Setting up your profile.
[0m08:36:09.981681 [info ] [MainThread]: Profile apexgcp written to C:\Users\yusto\.dbt\profiles.yml using target's profile_template.yml and your supplied values. Run 'dbt debug' to validate the connection.
[0m08:36:09.986752 [debug] [MainThread]: Command `dbt init` succeeded at 08:36:09.986752 after 325.67 seconds
[0m08:36:09.986752 [debug] [MainThread]: Sending event: {'category': 'dbt', 'action': 'invocation', 'label': 'end', 'context': [<snowplow_tracker.self_describing_json.SelfDescribingJson object at 0x00000253A796EB10>, <snowplow_tracker.self_describing_json.SelfDescribingJson object at 0x00000253A70577D0>, <snowplow_tracker.self_describing_json.SelfDescribingJson object at 0x00000253A1900150>]}
[0m08:36:09.986752 [debug] [MainThread]: Flushing usage events
[0m08:36:11.366114 [debug] [MainThread]: An error was encountered while trying to flush usage events
[0m08:38:03.124098 [debug] [MainThread]: Sending event: {'category': 'dbt', 'action': 'invocation', 'label': 'start', 'context': [<snowplow_tracker.self_describing_json.SelfDescribingJson object at 0x000001EBAB266BD0>, <snowplow_tracker.self_describing_json.SelfDescribingJson object at 0x000001EBAB476B50>, <snowplow_tracker.self_describing_json.SelfDescribingJson object at 0x000001EBAB267350>]}


============================== 08:38:03.134143 | 1db9b18a-05de-4893-9230-1b6403b82911 ==============================
[0m08:38:03.134143 [info ] [MainThread]: Running with dbt=1.9.2
[0m08:38:03.137995 [debug] [MainThread]: running dbt with arguments {'printer_width': '80', 'indirect_selection': 'eager', 'write_json': 'True', 'log_cache_events': 'False', 'partial_parse': 'True', 'cache_selected_only': 'False', 'warn_error': 'None', 'debug': 'False', 'profiles_dir': 'C:\\Users\\yusto\\.dbt', 'log_path': 'logs', 'fail_fast': 'False', 'version_check': 'True', 'use_colors': 'True', 'use_experimental_parser': 'False', 'empty': 'None', 'quiet': 'False', 'no_print': 'None', 'log_format': 'default', 'invocation_command': 'dbt debug', 'static_parser': 'True', 'introspect': 'True', 'target_path': 'None', 'warn_error_options': 'WarnErrorOptions(include=[], exclude=[])', 'send_anonymous_usage_stats': 'True'}
[0m08:38:03.187086 [info ] [MainThread]: dbt version: 1.9.2
[0m08:38:03.190963 [info ] [MainThread]: python version: 3.11.9
[0m08:38:03.192071 [info ] [MainThread]: python path: C:\Users\yusto\AppData\Local\Programs\Python\Python311\python.exe
[0m08:38:03.193614 [info ] [MainThread]: os info: Windows-10-10.0.26100-SP0
[0m08:38:05.376587 [info ] [MainThread]: Using profiles dir at C:\Users\yusto\.dbt
[0m08:38:05.379101 [info ] [MainThread]: Using profiles.yml file at C:\Users\yusto\.dbt\profiles.yml
[0m08:38:05.380348 [info ] [MainThread]: Using dbt_project.yml file at C:\Users\yusto\Downloads\apexgcpproject\dbt_project.yml
[0m08:38:05.383052 [info ] [MainThread]: adapter type: bigquery
[0m08:38:05.383052 [info ] [MainThread]: adapter version: 1.9.1
[0m08:38:05.385726 [info ] [MainThread]: Configuration:
[0m08:38:05.388188 [info ] [MainThread]:   profiles.yml file [[32mOK found and valid[0m]
[0m08:38:05.388188 [info ] [MainThread]:   dbt_project.yml file [[31mERROR not found[0m]
[0m08:38:05.391868 [info ] [MainThread]: Required dependencies:
[0m08:38:05.394604 [debug] [MainThread]: Executing "git --help"
[0m08:38:05.465911 [debug] [MainThread]: STDOUT: "b"usage: git [-v | --version] [-h | --help] [-C <path>] [-c <name>=<value>]\n           [--exec-path[=<path>]] [--html-path] [--man-path] [--info-path]\n           [-p | --paginate | -P | --no-pager] [--no-replace-objects] [--no-lazy-fetch]\n           [--no-optional-locks] [--no-advice] [--bare] [--git-dir=<path>]\n           [--work-tree=<path>] [--namespace=<name>] [--config-env=<name>=<envvar>]\n           <command> [<args>]\n\nThese are common Git commands used in various situations:\n\nstart a working area (see also: git help tutorial)\n   clone      Clone a repository into a new directory\n   init       Create an empty Git repository or reinitialize an existing one\n\nwork on the current change (see also: git help everyday)\n   add        Add file contents to the index\n   mv         Move or rename a file, a directory, or a symlink\n   restore    Restore working tree files\n   rm         Remove files from the working tree and from the index\n\nexamine the history and state (see also: git help revisions)\n   bisect     Use binary search to find the commit that introduced a bug\n   diff       Show changes between commits, commit and working tree, etc\n   grep       Print lines matching a pattern\n   log        Show commit logs\n   show       Show various types of objects\n   status     Show the working tree status\n\ngrow, mark and tweak your common history\n   backfill   Download missing objects in a partial clone\n   branch     List, create, or delete branches\n   commit     Record changes to the repository\n   merge      Join two or more development histories together\n   rebase     Reapply commits on top of another base tip\n   reset      Reset current HEAD to the specified state\n   switch     Switch branches\n   tag        Create, list, delete or verify a tag object signed with GPG\n\ncollaborate (see also: git help workflows)\n   fetch      Download objects and refs from another repository\n   pull       Fetch from and integrate with another repository or a local branch\n   push       Update remote refs along with associated objects\n\n'git help -a' and 'git help -g' list available subcommands and some\nconcept guides. See 'git help <command>' or 'git help <concept>'\nto read about a specific subcommand or concept.\nSee 'git help git' for an overview of the system.\n""
[0m08:38:05.467695 [debug] [MainThread]: STDERR: "b''"
[0m08:38:05.468947 [info ] [MainThread]:  - git [[32mOK found[0m]

[0m08:38:05.470903 [info ] [MainThread]: Connection:
[0m08:38:05.470903 [info ] [MainThread]:   method: oauth
[0m08:38:05.473100 [info ] [MainThread]:   database: apexgcp
[0m08:38:05.476018 [info ] [MainThread]:   execution_project: apexgcp
[0m08:38:05.479388 [info ] [MainThread]:   schema:  apex_dataset
[0m08:38:05.480433 [info ] [MainThread]:   location: US
[0m08:38:05.483764 [info ] [MainThread]:   priority: interactive
[0m08:38:05.485781 [info ] [MainThread]:   maximum_bytes_billed: None
[0m08:38:05.488046 [info ] [MainThread]:   impersonate_service_account: None
[0m08:38:05.488046 [info ] [MainThread]:   job_retry_deadline_seconds: None
[0m08:38:05.490137 [info ] [MainThread]:   job_retries: 1
[0m08:38:05.493765 [info ] [MainThread]:   job_creation_timeout_seconds: None
[0m08:38:05.496476 [info ] [MainThread]:   job_execution_timeout_seconds: 300
[0m08:38:05.497644 [info ] [MainThread]:   timeout_seconds: 300
[0m08:38:05.499710 [info ] [MainThread]:   client_id: None
[0m08:38:05.499710 [info ] [MainThread]:   token_uri: None
[0m08:38:05.503572 [info ] [MainThread]:   dataproc_region: None
[0m08:38:05.506976 [info ] [MainThread]:   dataproc_cluster_name: None
[0m08:38:05.507538 [info ] [MainThread]:   gcs_bucket: None
[0m08:38:05.510884 [info ] [MainThread]:   dataproc_batch: None
[0m08:38:05.515363 [info ] [MainThread]: Registered adapter: bigquery=1.9.1
[0m08:38:06.599353 [debug] [MainThread]: Acquiring new bigquery connection 'debug'
[0m08:38:06.599353 [debug] [MainThread]: On debug: select 1 as id
[0m08:38:06.599353 [debug] [MainThread]: Opening a new connection, currently in state init
[0m08:38:09.718888 [debug] [MainThread]: BigQuery adapter: Got an error when attempting to create a bigquery " "client: 'Runtime Error
  Failed to authenticate with supplied credentials
  error:
  Your default credentials were not found. To set up Application Default Credentials, see https://cloud.google.com/docs/authentication/external/set-up-adc for more information.'
[0m08:38:09.729210 [debug] [MainThread]: BigQuery adapter: Unhandled error while running:
select 1 as id
[0m08:38:09.732028 [debug] [MainThread]: BigQuery adapter: Database Error
  Runtime Error
    Failed to authenticate with supplied credentials
    error:
    Your default credentials were not found. To set up Application Default Credentials, see https://cloud.google.com/docs/authentication/external/set-up-adc for more information.
[0m08:38:09.733169 [info ] [MainThread]:   Connection test: [[31mERROR[0m]

[0m08:38:09.735316 [info ] [MainThread]: [31m2 checks failed:[0m
[0m08:38:09.738117 [info ] [MainThread]: Project loading failed for the following reason:
 project path <C:\Users\yusto\Downloads\apexgcpproject\dbt_project.yml> not found

[0m08:38:09.741576 [info ] [MainThread]: dbt was unable to connect to the specified database.
The database returned the following error:

  >'NoneType' object has no attribute 'close'

Check your database credentials and try again. For more information, visit:
https://docs.getdbt.com/docs/configure-your-profile


[0m08:38:09.744706 [debug] [MainThread]: Command `dbt debug` failed at 08:38:09.744706 after 6.82 seconds
[0m08:38:09.747736 [debug] [MainThread]: Sending event: {'category': 'dbt', 'action': 'invocation', 'label': 'end', 'context': [<snowplow_tracker.self_describing_json.SelfDescribingJson object at 0x000001EBAB2674D0>, <snowplow_tracker.self_describing_json.SelfDescribingJson object at 0x000001EBAB49EE50>, <snowplow_tracker.self_describing_json.SelfDescribingJson object at 0x000001EBBD78F050>]}
[0m08:38:09.748076 [debug] [MainThread]: Flushing usage events
[0m08:38:10.656945 [debug] [MainThread]: An error was encountered while trying to flush usage events
[0m03:08:29.747677 [debug] [MainThread]: Sending event: {'category': 'dbt', 'action': 'invocation', 'label': 'start', 'context': [<snowplow_tracker.self_describing_json.SelfDescribingJson object at 0x0000029222487F90>, <snowplow_tracker.self_describing_json.SelfDescribingJson object at 0x000002922248CF50>, <snowplow_tracker.self_describing_json.SelfDescribingJson object at 0x000002922248E050>]}


============================== 03:08:29.762941 | bbe9c573-03af-48da-8a47-95b457c75274 ==============================
[0m03:08:29.762941 [info ] [MainThread]: Running with dbt=1.9.2
[0m03:08:29.762941 [debug] [MainThread]: running dbt with arguments {'printer_width': '80', 'indirect_selection': 'eager', 'write_json': 'True', 'log_cache_events': 'False', 'partial_parse': 'True', 'cache_selected_only': 'False', 'warn_error': 'None', 'version_check': 'True', 'debug': 'False', 'log_path': 'logs', 'profiles_dir': 'C:\\Users\\yusto\\.dbt', 'fail_fast': 'False', 'use_colors': 'True', 'use_experimental_parser': 'False', 'no_print': 'None', 'quiet': 'False', 'empty': 'None', 'log_format': 'default', 'introspect': 'True', 'invocation_command': 'dbt init', 'static_parser': 'True', 'target_path': 'None', 'warn_error_options': 'WarnErrorOptions(include=[], exclude=[])', 'send_anonymous_usage_stats': 'True'}
[0m03:08:56.356763 [info ] [MainThread]: A project called apexgcp already exists here.
[0m03:08:56.357810 [debug] [MainThread]: Command `dbt init` succeeded at 03:08:56.357810 after 26.83 seconds
[0m03:08:56.362253 [debug] [MainThread]: Sending event: {'category': 'dbt', 'action': 'invocation', 'label': 'end', 'context': [<snowplow_tracker.self_describing_json.SelfDescribingJson object at 0x0000029222246B50>, <snowplow_tracker.self_describing_json.SelfDescribingJson object at 0x000002921C1D0150>, <snowplow_tracker.self_describing_json.SelfDescribingJson object at 0x000002921C143ED0>]}
[0m03:08:56.365469 [debug] [MainThread]: Flushing usage events
[0m03:08:58.864066 [debug] [MainThread]: An error was encountered while trying to flush usage events
[0m03:09:19.959899 [debug] [MainThread]: Sending event: {'category': 'dbt', 'action': 'invocation', 'label': 'start', 'context': [<snowplow_tracker.self_describing_json.SelfDescribingJson object at 0x000001F89225D2D0>, <snowplow_tracker.self_describing_json.SelfDescribingJson object at 0x000001F89225E710>, <snowplow_tracker.self_describing_json.SelfDescribingJson object at 0x000001F89225DA90>]}


============================== 03:09:19.970473 | 78a70aee-82d8-41c8-8a9a-e460141fe0c1 ==============================
[0m03:09:19.970473 [info ] [MainThread]: Running with dbt=1.9.2
[0m03:09:19.970473 [debug] [MainThread]: running dbt with arguments {'printer_width': '80', 'indirect_selection': 'eager', 'write_json': 'True', 'log_cache_events': 'False', 'partial_parse': 'True', 'cache_selected_only': 'False', 'profiles_dir': 'C:\\Users\\yusto\\.dbt', 'debug': 'False', 'fail_fast': 'False', 'log_path': 'logs', 'version_check': 'True', 'warn_error': 'None', 'use_colors': 'True', 'use_experimental_parser': 'False', 'empty': 'None', 'quiet': 'False', 'no_print': 'None', 'warn_error_options': 'WarnErrorOptions(include=[], exclude=[])', 'static_parser': 'True', 'invocation_command': 'dbt debug', 'introspect': 'True', 'target_path': 'None', 'log_format': 'default', 'send_anonymous_usage_stats': 'True'}
[0m03:09:20.047608 [info ] [MainThread]: dbt version: 1.9.2
[0m03:09:20.049619 [info ] [MainThread]: python version: 3.11.9
[0m03:09:20.051626 [info ] [MainThread]: python path: C:\Users\yusto\AppData\Local\Programs\Python\Python311\python.exe
[0m03:09:20.058324 [info ] [MainThread]: os info: Windows-10-10.0.26100-SP0
[0m03:09:24.337698 [info ] [MainThread]: Using profiles dir at C:\Users\yusto\.dbt
[0m03:09:24.340431 [info ] [MainThread]: Using profiles.yml file at C:\Users\yusto\.dbt\profiles.yml
[0m03:09:24.342977 [info ] [MainThread]: Using dbt_project.yml file at C:\Users\yusto\Downloads\apexgcpproject\dbt_project.yml
[0m03:09:24.342977 [info ] [MainThread]: adapter type: bigquery
[0m03:09:24.346698 [info ] [MainThread]: adapter version: 1.9.1
[0m03:09:24.348808 [info ] [MainThread]: Configuration:
[0m03:09:24.348808 [info ] [MainThread]:   profiles.yml file [[32mOK found and valid[0m]
[0m03:09:24.351529 [info ] [MainThread]:   dbt_project.yml file [[31mERROR not found[0m]
[0m03:09:24.354536 [info ] [MainThread]: Required dependencies:
[0m03:09:24.359095 [debug] [MainThread]: Executing "git --help"
[0m03:09:24.432333 [debug] [MainThread]: STDOUT: "b"usage: git [-v | --version] [-h | --help] [-C <path>] [-c <name>=<value>]\n           [--exec-path[=<path>]] [--html-path] [--man-path] [--info-path]\n           [-p | --paginate | -P | --no-pager] [--no-replace-objects] [--no-lazy-fetch]\n           [--no-optional-locks] [--no-advice] [--bare] [--git-dir=<path>]\n           [--work-tree=<path>] [--namespace=<name>] [--config-env=<name>=<envvar>]\n           <command> [<args>]\n\nThese are common Git commands used in various situations:\n\nstart a working area (see also: git help tutorial)\n   clone      Clone a repository into a new directory\n   init       Create an empty Git repository or reinitialize an existing one\n\nwork on the current change (see also: git help everyday)\n   add        Add file contents to the index\n   mv         Move or rename a file, a directory, or a symlink\n   restore    Restore working tree files\n   rm         Remove files from the working tree and from the index\n\nexamine the history and state (see also: git help revisions)\n   bisect     Use binary search to find the commit that introduced a bug\n   diff       Show changes between commits, commit and working tree, etc\n   grep       Print lines matching a pattern\n   log        Show commit logs\n   show       Show various types of objects\n   status     Show the working tree status\n\ngrow, mark and tweak your common history\n   backfill   Download missing objects in a partial clone\n   branch     List, create, or delete branches\n   commit     Record changes to the repository\n   merge      Join two or more development histories together\n   rebase     Reapply commits on top of another base tip\n   reset      Reset current HEAD to the specified state\n   switch     Switch branches\n   tag        Create, list, delete or verify a tag object signed with GPG\n\ncollaborate (see also: git help workflows)\n   fetch      Download objects and refs from another repository\n   pull       Fetch from and integrate with another repository or a local branch\n   push       Update remote refs along with associated objects\n\n'git help -a' and 'git help -g' list available subcommands and some\nconcept guides. See 'git help <command>' or 'git help <concept>'\nto read about a specific subcommand or concept.\nSee 'git help git' for an overview of the system.\n""
[0m03:09:24.433346 [debug] [MainThread]: STDERR: "b''"
[0m03:09:24.435225 [info ] [MainThread]:  - git [[32mOK found[0m]

[0m03:09:24.437235 [info ] [MainThread]: Connection:
[0m03:09:24.439675 [info ] [MainThread]:   method: oauth
[0m03:09:24.439675 [info ] [MainThread]:   database: apexgcp
[0m03:09:24.443186 [info ] [MainThread]:   execution_project: apexgcp
[0m03:09:24.443186 [info ] [MainThread]:   schema: apex_dataset
[0m03:09:24.443186 [info ] [MainThread]:   location: US
[0m03:09:24.448575 [info ] [MainThread]:   priority: interactive
[0m03:09:24.451138 [info ] [MainThread]:   maximum_bytes_billed: None
[0m03:09:24.453290 [info ] [MainThread]:   impersonate_service_account: None
[0m03:09:24.453290 [info ] [MainThread]:   job_retry_deadline_seconds: None
[0m03:09:24.458009 [info ] [MainThread]:   job_retries: 1
[0m03:09:24.458009 [info ] [MainThread]:   job_creation_timeout_seconds: None
[0m03:09:24.460980 [info ] [MainThread]:   job_execution_timeout_seconds: 300
[0m03:09:24.464866 [info ] [MainThread]:   timeout_seconds: 300
[0m03:09:24.466272 [info ] [MainThread]:   client_id: None
[0m03:09:24.469173 [info ] [MainThread]:   token_uri: None
[0m03:09:24.469173 [info ] [MainThread]:   dataproc_region: None
[0m03:09:24.473884 [info ] [MainThread]:   dataproc_cluster_name: None
[0m03:09:24.474987 [info ] [MainThread]:   gcs_bucket: None
[0m03:09:24.477505 [info ] [MainThread]:   dataproc_batch: None
[0m03:09:24.479566 [info ] [MainThread]: Registered adapter: bigquery=1.9.1
[0m03:09:25.530976 [debug] [MainThread]: Acquiring new bigquery connection 'debug'
[0m03:09:25.546762 [debug] [MainThread]: On debug: select 1 as id
[0m03:09:25.549357 [debug] [MainThread]: Opening a new connection, currently in state init
[0m03:09:28.658030 [debug] [MainThread]: BigQuery adapter: Got an error when attempting to create a bigquery " "client: 'Runtime Error
  Failed to authenticate with supplied credentials
  error:
  Your default credentials were not found. To set up Application Default Credentials, see https://cloud.google.com/docs/authentication/external/set-up-adc for more information.'
[0m03:09:28.658030 [debug] [MainThread]: BigQuery adapter: Unhandled error while running:
select 1 as id
[0m03:09:28.660044 [debug] [MainThread]: BigQuery adapter: Database Error
  Runtime Error
    Failed to authenticate with supplied credentials
    error:
    Your default credentials were not found. To set up Application Default Credentials, see https://cloud.google.com/docs/authentication/external/set-up-adc for more information.
[0m03:09:28.660044 [info ] [MainThread]:   Connection test: [[31mERROR[0m]

[0m03:09:28.662056 [info ] [MainThread]: [31m2 checks failed:[0m
[0m03:09:28.664357 [info ] [MainThread]: Project loading failed for the following reason:
 project path <C:\Users\yusto\Downloads\apexgcpproject\dbt_project.yml> not found

[0m03:09:28.664357 [info ] [MainThread]: dbt was unable to connect to the specified database.
The database returned the following error:

  >'NoneType' object has no attribute 'close'

Check your database credentials and try again. For more information, visit:
https://docs.getdbt.com/docs/configure-your-profile


[0m03:09:28.670759 [debug] [MainThread]: Command `dbt debug` failed at 03:09:28.670759 after 8.92 seconds
[0m03:09:28.672354 [debug] [MainThread]: Sending event: {'category': 'dbt', 'action': 'invocation', 'label': 'end', 'context': [<snowplow_tracker.self_describing_json.SelfDescribingJson object at 0x000001F8922579D0>, <snowplow_tracker.self_describing_json.SelfDescribingJson object at 0x000001F892257C10>, <snowplow_tracker.self_describing_json.SelfDescribingJson object at 0x000001F89224CE90>]}
[0m03:09:28.673830 [debug] [MainThread]: Flushing usage events
[0m03:09:30.901034 [debug] [MainThread]: An error was encountered while trying to flush usage events
[0m06:25:09.652629 [debug] [MainThread]: Sending event: {'category': 'dbt', 'action': 'invocation', 'label': 'start', 'context': [<snowplow_tracker.self_describing_json.SelfDescribingJson object at 0x000001EF676F08D0>, <snowplow_tracker.self_describing_json.SelfDescribingJson object at 0x000001EF676D2310>, <snowplow_tracker.self_describing_json.SelfDescribingJson object at 0x000001EF676F0A50>]}


============================== 06:25:09.662427 | 8d2694ae-ce0d-4c32-8e19-598d3f5ec0d4 ==============================
[0m06:25:09.662427 [info ] [MainThread]: Running with dbt=1.9.2
[0m06:25:09.664432 [debug] [MainThread]: running dbt with arguments {'printer_width': '80', 'indirect_selection': 'eager', 'log_cache_events': 'False', 'write_json': 'True', 'partial_parse': 'True', 'cache_selected_only': 'False', 'profiles_dir': 'C:\\Users\\yusto\\.dbt', 'version_check': 'True', 'fail_fast': 'False', 'log_path': 'logs', 'warn_error': 'None', 'debug': 'False', 'use_colors': 'True', 'use_experimental_parser': 'False', 'empty': 'False', 'quiet': 'False', 'no_print': 'None', 'warn_error_options': 'WarnErrorOptions(include=[], exclude=[])', 'invocation_command': 'dbt run --select stg_customers', 'log_format': 'default', 'static_parser': 'True', 'target_path': 'None', 'introspect': 'True', 'send_anonymous_usage_stats': 'True'}
[0m06:25:09.664432 [error] [MainThread]: Encountered an error:
Runtime Error
  No dbt_project.yml found at expected path C:\Users\yusto\Downloads\apexgcpproject\dbt_project.yml
  Verify that each entry within packages.yml (and their transitive dependencies) contains a file named dbt_project.yml
  
[0m06:25:09.668038 [debug] [MainThread]: Command `dbt run` failed at 06:25:09.668038 after 0.18 seconds
[0m06:25:09.670556 [debug] [MainThread]: Sending event: {'category': 'dbt', 'action': 'invocation', 'label': 'end', 'context': [<snowplow_tracker.self_describing_json.SelfDescribingJson object at 0x000001EF673AC350>, <snowplow_tracker.self_describing_json.SelfDescribingJson object at 0x000001EF66B876D0>, <snowplow_tracker.self_describing_json.SelfDescribingJson object at 0x000001EF67673710>]}
[0m06:25:09.670556 [debug] [MainThread]: Flushing usage events
[0m06:25:12.429302 [debug] [MainThread]: An error was encountered while trying to flush usage events
[0m06:25:16.986313 [debug] [MainThread]: Sending event: {'category': 'dbt', 'action': 'invocation', 'label': 'start', 'context': [<snowplow_tracker.self_describing_json.SelfDescribingJson object at 0x000001DB8F014150>, <snowplow_tracker.self_describing_json.SelfDescribingJson object at 0x000001DB91FA0910>, <snowplow_tracker.self_describing_json.SelfDescribingJson object at 0x000001DB91FA2390>]}


============================== 06:25:16.995760 | 54a20921-8395-4a90-ad4f-9f1377e1cde7 ==============================
[0m06:25:16.995760 [info ] [MainThread]: Running with dbt=1.9.2
[0m06:25:16.998342 [debug] [MainThread]: running dbt with arguments {'printer_width': '80', 'indirect_selection': 'eager', 'write_json': 'True', 'log_cache_events': 'False', 'partial_parse': 'True', 'cache_selected_only': 'False', 'warn_error': 'None', 'fail_fast': 'False', 'profiles_dir': 'C:\\Users\\yusto\\.dbt', 'log_path': 'logs', 'version_check': 'True', 'debug': 'False', 'use_colors': 'True', 'use_experimental_parser': 'False', 'no_print': 'None', 'quiet': 'False', 'empty': 'False', 'warn_error_options': 'WarnErrorOptions(include=[], exclude=[])', 'static_parser': 'True', 'invocation_command': 'dbt run --select stg_customers', 'introspect': 'True', 'target_path': 'None', 'log_format': 'default', 'send_anonymous_usage_stats': 'True'}
[0m06:25:16.998342 [error] [MainThread]: Encountered an error:
Runtime Error
  No dbt_project.yml found at expected path C:\Users\yusto\Downloads\apexgcpproject\dbt_project.yml
  Verify that each entry within packages.yml (and their transitive dependencies) contains a file named dbt_project.yml
  
[0m06:25:17.001984 [debug] [MainThread]: Command `dbt run` failed at 06:25:17.001984 after 0.17 seconds
[0m06:25:17.004216 [debug] [MainThread]: Sending event: {'category': 'dbt', 'action': 'invocation', 'label': 'end', 'context': [<snowplow_tracker.self_describing_json.SelfDescribingJson object at 0x000001DB91D6B350>, <snowplow_tracker.self_describing_json.SelfDescribingJson object at 0x000001DB91D6A810>, <snowplow_tracker.self_describing_json.SelfDescribingJson object at 0x000001DB91FA13D0>]}
[0m06:25:17.006224 [debug] [MainThread]: Flushing usage events
[0m06:25:19.479391 [debug] [MainThread]: An error was encountered while trying to flush usage events
[0m06:25:23.678513 [debug] [MainThread]: Sending event: {'category': 'dbt', 'action': 'invocation', 'label': 'start', 'context': [<snowplow_tracker.self_describing_json.SelfDescribingJson object at 0x0000017EEEFD35D0>, <snowplow_tracker.self_describing_json.SelfDescribingJson object at 0x0000017EEF033910>, <snowplow_tracker.self_describing_json.SelfDescribingJson object at 0x0000017EEF032FD0>]}


============================== 06:25:23.688768 | b1373c60-43e5-4f8e-9225-7e4ed7419a61 ==============================
[0m06:25:23.688768 [info ] [MainThread]: Running with dbt=1.9.2
[0m06:25:23.691769 [debug] [MainThread]: running dbt with arguments {'printer_width': '80', 'indirect_selection': 'eager', 'log_cache_events': 'False', 'write_json': 'True', 'partial_parse': 'True', 'cache_selected_only': 'False', 'profiles_dir': 'C:\\Users\\yusto\\.dbt', 'version_check': 'True', 'warn_error': 'None', 'log_path': 'logs', 'fail_fast': 'False', 'debug': 'False', 'use_colors': 'True', 'use_experimental_parser': 'False', 'no_print': 'None', 'quiet': 'False', 'empty': 'False', 'warn_error_options': 'WarnErrorOptions(include=[], exclude=[])', 'invocation_command': 'dbt run --select stg_customers', 'introspect': 'True', 'static_parser': 'True', 'target_path': 'None', 'log_format': 'default', 'send_anonymous_usage_stats': 'True'}
[0m06:25:23.692779 [error] [MainThread]: Encountered an error:
Runtime Error
  No dbt_project.yml found at expected path C:\Users\yusto\Downloads\apexgcpproject\dbt_project.yml
  Verify that each entry within packages.yml (and their transitive dependencies) contains a file named dbt_project.yml
  
[0m06:25:23.695767 [debug] [MainThread]: Command `dbt run` failed at 06:25:23.695767 after 0.14 seconds
[0m06:25:23.697281 [debug] [MainThread]: Sending event: {'category': 'dbt', 'action': 'invocation', 'label': 'end', 'context': [<snowplow_tracker.self_describing_json.SelfDescribingJson object at 0x0000017EEEFD3710>, <snowplow_tracker.self_describing_json.SelfDescribingJson object at 0x0000017EEEFD0910>, <snowplow_tracker.self_describing_json.SelfDescribingJson object at 0x0000017EEEFD2F50>]}
[0m06:25:23.699292 [debug] [MainThread]: Flushing usage events
[0m06:25:24.695387 [debug] [MainThread]: An error was encountered while trying to flush usage events
[0m23:37:34.724235 [debug] [MainThread]: Sending event: {'category': 'dbt', 'action': 'invocation', 'label': 'start', 'context': [<snowplow_tracker.self_describing_json.SelfDescribingJson object at 0x0000029DF0872F90>, <snowplow_tracker.self_describing_json.SelfDescribingJson object at 0x0000029DF0872010>, <snowplow_tracker.self_describing_json.SelfDescribingJson object at 0x0000029DF0872C50>]}


============================== 23:37:34.736762 | f34ef9cd-1fd9-4228-a81b-2f4ec7f00b9e ==============================
[0m23:37:34.736762 [info ] [MainThread]: Running with dbt=1.9.2
[0m23:37:34.736762 [debug] [MainThread]: running dbt with arguments {'printer_width': '80', 'indirect_selection': 'eager', 'log_cache_events': 'False', 'write_json': 'True', 'partial_parse': 'True', 'cache_selected_only': 'False', 'warn_error': 'None', 'version_check': 'True', 'fail_fast': 'False', 'log_path': 'logs', 'debug': 'False', 'profiles_dir': 'C:\\Users\\yusto\\.dbt', 'use_colors': 'True', 'use_experimental_parser': 'False', 'no_print': 'None', 'quiet': 'False', 'empty': 'False', 'log_format': 'default', 'invocation_command': 'dbt run', 'introspect': 'True', 'warn_error_options': 'WarnErrorOptions(include=[], exclude=[])', 'target_path': 'None', 'static_parser': 'True', 'send_anonymous_usage_stats': 'True'}
[0m23:37:34.736762 [error] [MainThread]: Encountered an error:
Runtime Error
  No dbt_project.yml found at expected path C:\Users\yusto\Downloads\apexgcpproject\dbt_project.yml
  Verify that each entry within packages.yml (and their transitive dependencies) contains a file named dbt_project.yml
  
[0m23:37:34.736762 [debug] [MainThread]: Command `dbt run` failed at 23:37:34.736762 after 0.13 seconds
[0m23:37:34.736762 [debug] [MainThread]: Sending event: {'category': 'dbt', 'action': 'invocation', 'label': 'end', 'context': [<snowplow_tracker.self_describing_json.SelfDescribingJson object at 0x0000029DEA4A3D90>, <snowplow_tracker.self_describing_json.SelfDescribingJson object at 0x0000029DF0890A90>, <snowplow_tracker.self_describing_json.SelfDescribingJson object at 0x0000029DF0890DD0>]}
[0m23:37:34.736762 [debug] [MainThread]: Flushing usage events
[0m23:37:43.734665 [debug] [MainThread]: An error was encountered while trying to flush usage events
[0m00:56:13.971913 [debug] [MainThread]: Sending event: {'category': 'dbt', 'action': 'invocation', 'label': 'start', 'context': [<snowplow_tracker.self_describing_json.SelfDescribingJson object at 0x00000264BB870F50>, <snowplow_tracker.self_describing_json.SelfDescribingJson object at 0x00000264BAC7BC50>, <snowplow_tracker.self_describing_json.SelfDescribingJson object at 0x00000264BB696B90>]}


============================== 00:56:13.978021 | e280e4e8-1eac-4826-9d99-236467e3c570 ==============================
[0m00:56:13.978021 [info ] [MainThread]: Running with dbt=1.9.2
[0m00:56:13.979021 [debug] [MainThread]: running dbt with arguments {'printer_width': '80', 'indirect_selection': 'eager', 'write_json': 'True', 'log_cache_events': 'False', 'partial_parse': 'True', 'cache_selected_only': 'False', 'profiles_dir': 'C:\\Users\\yusto\\.dbt', 'debug': 'False', 'version_check': 'True', 'log_path': 'logs', 'fail_fast': 'False', 'warn_error': 'None', 'use_colors': 'True', 'use_experimental_parser': 'False', 'empty': 'False', 'quiet': 'False', 'no_print': 'None', 'log_format': 'default', 'invocation_command': 'dbt run', 'static_parser': 'True', 'warn_error_options': 'WarnErrorOptions(include=[], exclude=[])', 'target_path': 'None', 'introspect': 'True', 'send_anonymous_usage_stats': 'True'}
[0m00:56:13.979021 [error] [MainThread]: Encountered an error:
Runtime Error
  No dbt_project.yml found at expected path C:\Users\yusto\Downloads\apexgcpproject\dbt_project.yml
  Verify that each entry within packages.yml (and their transitive dependencies) contains a file named dbt_project.yml
  
[0m00:56:13.981022 [debug] [MainThread]: Command `dbt run` failed at 00:56:13.981022 after 0.09 seconds
[0m00:56:13.981022 [debug] [MainThread]: Sending event: {'category': 'dbt', 'action': 'invocation', 'label': 'end', 'context': [<snowplow_tracker.self_describing_json.SelfDescribingJson object at 0x00000264B5523DD0>, <snowplow_tracker.self_describing_json.SelfDescribingJson object at 0x00000264BB696B90>, <snowplow_tracker.self_describing_json.SelfDescribingJson object at 0x00000264BB537BD0>]}
[0m00:56:13.982065 [debug] [MainThread]: Flushing usage events
[0m00:56:25.500923 [debug] [MainThread]: An error was encountered while trying to flush usage events
[0m01:14:00.714575 [debug] [MainThread]: Sending event: {'category': 'dbt', 'action': 'invocation', 'label': 'start', 'context': [<snowplow_tracker.self_describing_json.SelfDescribingJson object at 0x0000024A9E3CB710>, <snowplow_tracker.self_describing_json.SelfDescribingJson object at 0x0000024AA1372150>, <snowplow_tracker.self_describing_json.SelfDescribingJson object at 0x0000024AA1372310>]}


============================== 01:14:00.714575 | 6b9aebf3-2ff5-4a94-8668-13a5a3bce132 ==============================
[0m01:14:00.714575 [info ] [MainThread]: Running with dbt=1.9.2
[0m01:14:00.714575 [debug] [MainThread]: running dbt with arguments {'printer_width': '80', 'indirect_selection': 'eager', 'write_json': 'True', 'log_cache_events': 'False', 'partial_parse': 'True', 'cache_selected_only': 'False', 'profiles_dir': 'C:\\Users\\yusto\\.dbt', 'fail_fast': 'False', 'warn_error': 'None', 'log_path': 'logs', 'version_check': 'True', 'debug': 'False', 'use_colors': 'True', 'use_experimental_parser': 'False', 'no_print': 'None', 'quiet': 'False', 'empty': 'False', 'log_format': 'default', 'introspect': 'True', 'invocation_command': 'dbt run', 'warn_error_options': 'WarnErrorOptions(include=[], exclude=[])', 'target_path': 'None', 'static_parser': 'True', 'send_anonymous_usage_stats': 'True'}
[0m01:14:00.714575 [error] [MainThread]: Encountered an error:
Runtime Error
  No dbt_project.yml found at expected path C:\Users\yusto\Downloads\apexgcpproject\dbt_project.yml
  Verify that each entry within packages.yml (and their transitive dependencies) contains a file named dbt_project.yml
  
[0m01:14:00.742707 [debug] [MainThread]: Command `dbt run` failed at 01:14:00.742707 after 0.13 seconds
[0m01:14:00.743705 [debug] [MainThread]: Sending event: {'category': 'dbt', 'action': 'invocation', 'label': 'end', 'context': [<snowplow_tracker.self_describing_json.SelfDescribingJson object at 0x0000024AA13732D0>, <snowplow_tracker.self_describing_json.SelfDescribingJson object at 0x0000024A9AFC3D90>, <snowplow_tracker.self_describing_json.SelfDescribingJson object at 0x0000024A9AFC3ED0>]}
[0m01:14:00.745711 [debug] [MainThread]: Flushing usage events
[0m01:14:03.182286 [debug] [MainThread]: An error was encountered while trying to flush usage events
[0m01:25:44.896909 [debug] [MainThread]: Sending event: {'category': 'dbt', 'action': 'invocation', 'label': 'start', 'context': [<snowplow_tracker.self_describing_json.SelfDescribingJson object at 0x0000029D6661CCD0>, <snowplow_tracker.self_describing_json.SelfDescribingJson object at 0x0000029D6661C150>, <snowplow_tracker.self_describing_json.SelfDescribingJson object at 0x0000029D6661D090>]}


============================== 01:25:44.904154 | 796ace76-cf82-4c76-8007-f18453f2c91d ==============================
[0m01:25:44.904154 [info ] [MainThread]: Running with dbt=1.9.2
[0m01:25:44.905156 [debug] [MainThread]: running dbt with arguments {'printer_width': '80', 'indirect_selection': 'eager', 'write_json': 'True', 'log_cache_events': 'False', 'partial_parse': 'True', 'cache_selected_only': 'False', 'profiles_dir': 'C:\\Users\\yusto\\.dbt', 'version_check': 'True', 'debug': 'False', 'log_path': 'logs', 'fail_fast': 'False', 'warn_error': 'None', 'use_colors': 'True', 'use_experimental_parser': 'False', 'empty': 'None', 'quiet': 'False', 'no_print': 'None', 'log_format': 'default', 'static_parser': 'True', 'introspect': 'True', 'invocation_command': 'dbt deps', 'target_path': 'None', 'warn_error_options': 'WarnErrorOptions(include=[], exclude=[])', 'send_anonymous_usage_stats': 'True'}
[0m01:25:44.906159 [error] [MainThread]: Encountered an error:
Runtime Error
  No dbt_project.yml found at expected path C:\Users\yusto\Downloads\apexgcpproject\dbt_project.yml
  Verify that each entry within packages.yml (and their transitive dependencies) contains a file named dbt_project.yml
  
[0m01:25:44.908155 [debug] [MainThread]: Command `dbt deps` failed at 01:25:44.908155 after 0.13 seconds
[0m01:25:44.908155 [debug] [MainThread]: Sending event: {'category': 'dbt', 'action': 'invocation', 'label': 'end', 'context': [<snowplow_tracker.self_describing_json.SelfDescribingJson object at 0x0000029D6661D9D0>, <snowplow_tracker.self_describing_json.SelfDescribingJson object at 0x0000029D60263D90>, <snowplow_tracker.self_describing_json.SelfDescribingJson object at 0x0000029D662FC310>]}
[0m01:25:44.909153 [debug] [MainThread]: Flushing usage events
[0m01:25:47.293105 [debug] [MainThread]: An error was encountered while trying to flush usage events
[0m01:25:50.402894 [debug] [MainThread]: Sending event: {'category': 'dbt', 'action': 'invocation', 'label': 'start', 'context': [<snowplow_tracker.self_describing_json.SelfDescribingJson object at 0x000002D41E9CDF50>, <snowplow_tracker.self_describing_json.SelfDescribingJson object at 0x000002D41E9A6950>, <snowplow_tracker.self_describing_json.SelfDescribingJson object at 0x000002D41E9CDD90>]}


============================== 01:25:50.402894 | dff9f977-2599-4da7-a6d6-0981894735bc ==============================
[0m01:25:50.402894 [info ] [MainThread]: Running with dbt=1.9.2
[0m01:25:50.418749 [debug] [MainThread]: running dbt with arguments {'printer_width': '80', 'indirect_selection': 'eager', 'write_json': 'True', 'log_cache_events': 'False', 'partial_parse': 'True', 'cache_selected_only': 'False', 'warn_error': 'None', 'debug': 'False', 'version_check': 'True', 'log_path': 'logs', 'profiles_dir': 'C:\\Users\\yusto\\.dbt', 'fail_fast': 'False', 'use_colors': 'True', 'use_experimental_parser': 'False', 'empty': 'None', 'quiet': 'False', 'no_print': 'None', 'log_format': 'default', 'invocation_command': 'dbt debug', 'static_parser': 'True', 'warn_error_options': 'WarnErrorOptions(include=[], exclude=[])', 'target_path': 'None', 'introspect': 'True', 'send_anonymous_usage_stats': 'True'}
[0m01:25:50.465851 [info ] [MainThread]: dbt version: 1.9.2
[0m01:25:50.466855 [info ] [MainThread]: python version: 3.11.9
[0m01:25:50.467831 [info ] [MainThread]: python path: C:\Users\yusto\AppData\Local\Programs\Python\Python311\python.exe
[0m01:25:50.468850 [info ] [MainThread]: os info: Windows-10-10.0.26100-SP0
[0m01:25:54.380487 [info ] [MainThread]: Using profiles dir at C:\Users\yusto\.dbt
[0m01:25:54.395818 [info ] [MainThread]: Using profiles.yml file at C:\Users\yusto\.dbt\profiles.yml
[0m01:25:54.397200 [info ] [MainThread]: Using dbt_project.yml file at C:\Users\yusto\Downloads\apexgcpproject\dbt_project.yml
[0m01:25:54.398024 [info ] [MainThread]: adapter type: bigquery
[0m01:25:54.399308 [info ] [MainThread]: adapter version: 1.9.1
[0m01:25:54.399308 [info ] [MainThread]: Configuration:
[0m01:25:54.400291 [info ] [MainThread]:   profiles.yml file [[32mOK found and valid[0m]
[0m01:25:54.401289 [info ] [MainThread]:   dbt_project.yml file [[31mERROR not found[0m]
[0m01:25:54.402334 [info ] [MainThread]: Required dependencies:
[0m01:25:54.403292 [debug] [MainThread]: Executing "git --help"
[0m01:25:54.436831 [debug] [MainThread]: STDOUT: "b"usage: git [-v | --version] [-h | --help] [-C <path>] [-c <name>=<value>]\n           [--exec-path[=<path>]] [--html-path] [--man-path] [--info-path]\n           [-p | --paginate | -P | --no-pager] [--no-replace-objects] [--no-lazy-fetch]\n           [--no-optional-locks] [--no-advice] [--bare] [--git-dir=<path>]\n           [--work-tree=<path>] [--namespace=<name>] [--config-env=<name>=<envvar>]\n           <command> [<args>]\n\nThese are common Git commands used in various situations:\n\nstart a working area (see also: git help tutorial)\n   clone      Clone a repository into a new directory\n   init       Create an empty Git repository or reinitialize an existing one\n\nwork on the current change (see also: git help everyday)\n   add        Add file contents to the index\n   mv         Move or rename a file, a directory, or a symlink\n   restore    Restore working tree files\n   rm         Remove files from the working tree and from the index\n\nexamine the history and state (see also: git help revisions)\n   bisect     Use binary search to find the commit that introduced a bug\n   diff       Show changes between commits, commit and working tree, etc\n   grep       Print lines matching a pattern\n   log        Show commit logs\n   show       Show various types of objects\n   status     Show the working tree status\n\ngrow, mark and tweak your common history\n   backfill   Download missing objects in a partial clone\n   branch     List, create, or delete branches\n   commit     Record changes to the repository\n   merge      Join two or more development histories together\n   rebase     Reapply commits on top of another base tip\n   reset      Reset current HEAD to the specified state\n   switch     Switch branches\n   tag        Create, list, delete or verify a tag object signed with GPG\n\ncollaborate (see also: git help workflows)\n   fetch      Download objects and refs from another repository\n   pull       Fetch from and integrate with another repository or a local branch\n   push       Update remote refs along with associated objects\n\n'git help -a' and 'git help -g' list available subcommands and some\nconcept guides. See 'git help <command>' or 'git help <concept>'\nto read about a specific subcommand or concept.\nSee 'git help git' for an overview of the system.\n""
[0m01:25:54.436831 [debug] [MainThread]: STDERR: "b''"
[0m01:25:54.439731 [info ] [MainThread]:  - git [[32mOK found[0m]

[0m01:25:54.440739 [info ] [MainThread]: Connection:
[0m01:25:54.440739 [info ] [MainThread]:   method: oauth
[0m01:25:54.441738 [info ] [MainThread]:   database: apexgcp
[0m01:25:54.442738 [info ] [MainThread]:   execution_project: apexgcp
[0m01:25:54.442738 [info ] [MainThread]:   schema: apex_dataset
[0m01:25:54.443738 [info ] [MainThread]:   location: US
[0m01:25:54.444613 [info ] [MainThread]:   priority: interactive
[0m01:25:54.445738 [info ] [MainThread]:   maximum_bytes_billed: None
[0m01:25:54.446897 [info ] [MainThread]:   impersonate_service_account: None
[0m01:25:54.447909 [info ] [MainThread]:   job_retry_deadline_seconds: None
[0m01:25:54.448940 [info ] [MainThread]:   job_retries: 1
[0m01:25:54.449481 [info ] [MainThread]:   job_creation_timeout_seconds: None
[0m01:25:54.450483 [info ] [MainThread]:   job_execution_timeout_seconds: 300
[0m01:25:54.451484 [info ] [MainThread]:   timeout_seconds: 300
[0m01:25:54.451484 [info ] [MainThread]:   client_id: None
[0m01:25:54.452482 [info ] [MainThread]:   token_uri: None
[0m01:25:54.453489 [info ] [MainThread]:   dataproc_region: None
[0m01:25:54.453489 [info ] [MainThread]:   dataproc_cluster_name: None
[0m01:25:54.454999 [info ] [MainThread]:   gcs_bucket: None
[0m01:25:54.456058 [info ] [MainThread]:   dataproc_batch: None
[0m01:25:54.457010 [info ] [MainThread]: Registered adapter: bigquery=1.9.1
[0m01:25:55.033027 [debug] [MainThread]: Acquiring new bigquery connection 'debug'
[0m01:25:55.033027 [debug] [MainThread]: On debug: select 1 as id
[0m01:25:55.035032 [debug] [MainThread]: Opening a new connection, currently in state init
[0m01:25:58.878074 [debug] [MainThread]: BigQuery adapter: https://console.cloud.google.com/bigquery?project=apexgcp&j=bq:US:022b58ae-2706-4c0f-ac90-0cb726a0d391&page=queryresults
[0m01:26:02.009508 [info ] [MainThread]:   Connection test: [[32mOK connection ok[0m]

[0m01:26:02.009508 [info ] [MainThread]: [31m1 check failed:[0m
[0m01:26:02.009508 [info ] [MainThread]: Project loading failed for the following reason:
 project path <C:\Users\yusto\Downloads\apexgcpproject\dbt_project.yml> not found

[0m01:26:02.009508 [debug] [MainThread]: Command `dbt debug` failed at 01:26:02.009508 after 11.69 seconds
[0m01:26:02.009508 [debug] [MainThread]: Connection 'debug' was properly closed.
[0m01:26:02.025556 [debug] [MainThread]: Sending event: {'category': 'dbt', 'action': 'invocation', 'label': 'end', 'context': [<snowplow_tracker.self_describing_json.SelfDescribingJson object at 0x000002D418643D90>, <snowplow_tracker.self_describing_json.SelfDescribingJson object at 0x000002D41E9CDF50>, <snowplow_tracker.self_describing_json.SelfDescribingJson object at 0x000002D41E9CE890>]}
[0m01:26:02.025556 [debug] [MainThread]: Flushing usage events
[0m01:26:04.241698 [debug] [MainThread]: An error was encountered while trying to flush usage events
[0m01:34:45.152293 [debug] [MainThread]: Sending event: {'category': 'dbt', 'action': 'invocation', 'label': 'start', 'context': [<snowplow_tracker.self_describing_json.SelfDescribingJson object at 0x000001B8C7E62810>, <snowplow_tracker.self_describing_json.SelfDescribingJson object at 0x000001B8C7EBFD10>, <snowplow_tracker.self_describing_json.SelfDescribingJson object at 0x000001B8C7EBFA10>]}


============================== 01:34:45.167543 | 42035495-a18e-45be-864d-bce7d531f001 ==============================
[0m01:34:45.167543 [info ] [MainThread]: Running with dbt=1.9.2
[0m01:34:45.169048 [debug] [MainThread]: running dbt with arguments {'printer_width': '80', 'indirect_selection': 'eager', 'log_cache_events': 'False', 'write_json': 'True', 'partial_parse': 'True', 'cache_selected_only': 'False', 'profiles_dir': 'C:\\Users\\yusto\\.dbt', 'debug': 'False', 'fail_fast': 'False', 'log_path': 'logs', 'version_check': 'True', 'warn_error': 'None', 'use_colors': 'True', 'use_experimental_parser': 'False', 'no_print': 'None', 'quiet': 'False', 'empty': 'None', 'log_format': 'default', 'invocation_command': 'dbt init', 'static_parser': 'True', 'introspect': 'True', 'target_path': 'None', 'warn_error_options': 'WarnErrorOptions(include=[], exclude=[])', 'send_anonymous_usage_stats': 'True'}
[0m01:36:00.261529 [info ] [MainThread]: A project called apexgcp already exists here.
[0m01:36:00.261529 [debug] [MainThread]: Command `dbt init` succeeded at 01:36:00.261529 after 75.19 seconds
[0m01:36:00.261529 [debug] [MainThread]: Sending event: {'category': 'dbt', 'action': 'invocation', 'label': 'end', 'context': [<snowplow_tracker.self_describing_json.SelfDescribingJson object at 0x000001B8C1BA0210>, <snowplow_tracker.self_describing_json.SelfDescribingJson object at 0x000001B8C7EF4690>, <snowplow_tracker.self_describing_json.SelfDescribingJson object at 0x000001B8C7C8AD10>]}
[0m01:36:00.267704 [debug] [MainThread]: Flushing usage events
[0m01:36:03.231669 [debug] [MainThread]: An error was encountered while trying to flush usage events
[0m01:36:06.176381 [debug] [MainThread]: Sending event: {'category': 'dbt', 'action': 'invocation', 'label': 'start', 'context': [<snowplow_tracker.self_describing_json.SelfDescribingJson object at 0x000001F6E7747810>, <snowplow_tracker.self_describing_json.SelfDescribingJson object at 0x000001F6E774DE10>, <snowplow_tracker.self_describing_json.SelfDescribingJson object at 0x000001F6E774CAD0>]}


============================== 01:36:06.176381 | fafc5d3e-a154-4d1d-adb2-994feec5f768 ==============================
[0m01:36:06.176381 [info ] [MainThread]: Running with dbt=1.9.2
[0m01:36:06.176381 [debug] [MainThread]: running dbt with arguments {'printer_width': '80', 'indirect_selection': 'eager', 'write_json': 'True', 'log_cache_events': 'False', 'partial_parse': 'True', 'cache_selected_only': 'False', 'profiles_dir': 'C:\\Users\\yusto\\.dbt', 'debug': 'False', 'fail_fast': 'False', 'log_path': 'logs', 'version_check': 'True', 'warn_error': 'None', 'use_colors': 'True', 'use_experimental_parser': 'False', 'no_print': 'None', 'quiet': 'False', 'empty': 'None', 'log_format': 'default', 'introspect': 'True', 'warn_error_options': 'WarnErrorOptions(include=[], exclude=[])', 'static_parser': 'True', 'target_path': 'None', 'invocation_command': 'dbt debug', 'send_anonymous_usage_stats': 'True'}
[0m01:36:06.217139 [info ] [MainThread]: dbt version: 1.9.2
[0m01:36:06.220198 [info ] [MainThread]: python version: 3.11.9
[0m01:36:06.220919 [info ] [MainThread]: python path: C:\Users\yusto\AppData\Local\Programs\Python\Python311\python.exe
[0m01:36:06.220919 [info ] [MainThread]: os info: Windows-10-10.0.26100-SP0
[0m01:36:07.323124 [info ] [MainThread]: Using profiles dir at C:\Users\yusto\.dbt
[0m01:36:07.323124 [info ] [MainThread]: Using profiles.yml file at C:\Users\yusto\.dbt\profiles.yml
[0m01:36:07.323124 [info ] [MainThread]: Using dbt_project.yml file at C:\Users\yusto\Downloads\apexgcpproject\dbt_project.yml
[0m01:36:07.323124 [info ] [MainThread]: adapter type: bigquery
[0m01:36:07.323124 [info ] [MainThread]: adapter version: 1.9.1
[0m01:36:07.323124 [info ] [MainThread]: Configuration:
[0m01:36:07.338848 [info ] [MainThread]:   profiles.yml file [[32mOK found and valid[0m]
[0m01:36:07.338848 [info ] [MainThread]:   dbt_project.yml file [[31mERROR not found[0m]
[0m01:36:07.338848 [info ] [MainThread]: Required dependencies:
[0m01:36:07.343532 [debug] [MainThread]: Executing "git --help"
[0m01:36:07.371284 [debug] [MainThread]: STDOUT: "b"usage: git [-v | --version] [-h | --help] [-C <path>] [-c <name>=<value>]\n           [--exec-path[=<path>]] [--html-path] [--man-path] [--info-path]\n           [-p | --paginate | -P | --no-pager] [--no-replace-objects] [--no-lazy-fetch]\n           [--no-optional-locks] [--no-advice] [--bare] [--git-dir=<path>]\n           [--work-tree=<path>] [--namespace=<name>] [--config-env=<name>=<envvar>]\n           <command> [<args>]\n\nThese are common Git commands used in various situations:\n\nstart a working area (see also: git help tutorial)\n   clone      Clone a repository into a new directory\n   init       Create an empty Git repository or reinitialize an existing one\n\nwork on the current change (see also: git help everyday)\n   add        Add file contents to the index\n   mv         Move or rename a file, a directory, or a symlink\n   restore    Restore working tree files\n   rm         Remove files from the working tree and from the index\n\nexamine the history and state (see also: git help revisions)\n   bisect     Use binary search to find the commit that introduced a bug\n   diff       Show changes between commits, commit and working tree, etc\n   grep       Print lines matching a pattern\n   log        Show commit logs\n   show       Show various types of objects\n   status     Show the working tree status\n\ngrow, mark and tweak your common history\n   backfill   Download missing objects in a partial clone\n   branch     List, create, or delete branches\n   commit     Record changes to the repository\n   merge      Join two or more development histories together\n   rebase     Reapply commits on top of another base tip\n   reset      Reset current HEAD to the specified state\n   switch     Switch branches\n   tag        Create, list, delete or verify a tag object signed with GPG\n\ncollaborate (see also: git help workflows)\n   fetch      Download objects and refs from another repository\n   pull       Fetch from and integrate with another repository or a local branch\n   push       Update remote refs along with associated objects\n\n'git help -a' and 'git help -g' list available subcommands and some\nconcept guides. See 'git help <command>' or 'git help <concept>'\nto read about a specific subcommand or concept.\nSee 'git help git' for an overview of the system.\n""
[0m01:36:07.371284 [debug] [MainThread]: STDERR: "b''"
[0m01:36:07.371284 [info ] [MainThread]:  - git [[32mOK found[0m]

[0m01:36:07.371284 [info ] [MainThread]: Connection:
[0m01:36:07.371284 [info ] [MainThread]:   method: oauth
[0m01:36:07.371284 [info ] [MainThread]:   database: apexgcp
[0m01:36:07.371284 [info ] [MainThread]:   execution_project: apexgcp
[0m01:36:07.371284 [info ] [MainThread]:   schema: apex_dataset
[0m01:36:07.371284 [info ] [MainThread]:   location: US
[0m01:36:07.371284 [info ] [MainThread]:   priority: interactive
[0m01:36:07.371284 [info ] [MainThread]:   maximum_bytes_billed: None
[0m01:36:07.371284 [info ] [MainThread]:   impersonate_service_account: None
[0m01:36:07.371284 [info ] [MainThread]:   job_retry_deadline_seconds: None
[0m01:36:07.385378 [info ] [MainThread]:   job_retries: 1
[0m01:36:07.386991 [info ] [MainThread]:   job_creation_timeout_seconds: None
[0m01:36:07.387997 [info ] [MainThread]:   job_execution_timeout_seconds: 300
[0m01:36:07.388986 [info ] [MainThread]:   timeout_seconds: 300
[0m01:36:07.388986 [info ] [MainThread]:   client_id: None
[0m01:36:07.389991 [info ] [MainThread]:   token_uri: None
[0m01:36:07.390997 [info ] [MainThread]:   dataproc_region: None
[0m01:36:07.391987 [info ] [MainThread]:   dataproc_cluster_name: None
[0m01:36:07.391987 [info ] [MainThread]:   gcs_bucket: None
[0m01:36:07.393503 [info ] [MainThread]:   dataproc_batch: None
[0m01:36:07.394514 [info ] [MainThread]: Registered adapter: bigquery=1.9.1
[0m01:36:07.843054 [debug] [MainThread]: Acquiring new bigquery connection 'debug'
[0m01:36:07.843054 [debug] [MainThread]: On debug: select 1 as id
[0m01:36:07.845059 [debug] [MainThread]: Opening a new connection, currently in state init
[0m01:36:11.728019 [debug] [MainThread]: BigQuery adapter: https://console.cloud.google.com/bigquery?project=apexgcp&j=bq:US:84f11275-ee57-418f-9eb0-4fe60f837b4e&page=queryresults
[0m01:36:13.500578 [info ] [MainThread]:   Connection test: [[32mOK connection ok[0m]

[0m01:36:13.500578 [info ] [MainThread]: [31m1 check failed:[0m
[0m01:36:13.500578 [info ] [MainThread]: Project loading failed for the following reason:
 project path <C:\Users\yusto\Downloads\apexgcpproject\dbt_project.yml> not found

[0m01:36:13.500578 [debug] [MainThread]: Command `dbt debug` failed at 01:36:13.500578 after 7.40 seconds
[0m01:36:13.500578 [debug] [MainThread]: Connection 'debug' was properly closed.
[0m01:36:13.500578 [debug] [MainThread]: Sending event: {'category': 'dbt', 'action': 'invocation', 'label': 'end', 'context': [<snowplow_tracker.self_describing_json.SelfDescribingJson object at 0x000001F6E1393ED0>, <snowplow_tracker.self_describing_json.SelfDescribingJson object at 0x000001F6F80E72D0>, <snowplow_tracker.self_describing_json.SelfDescribingJson object at 0x000001F6E7283D10>]}
[0m01:36:13.513149 [debug] [MainThread]: Flushing usage events
[0m01:36:14.809754 [debug] [MainThread]: An error was encountered while trying to flush usage events
[0m01:36:18.027367 [debug] [MainThread]: Sending event: {'category': 'dbt', 'action': 'invocation', 'label': 'start', 'context': [<snowplow_tracker.self_describing_json.SelfDescribingJson object at 0x000001C782EC7A50>, <snowplow_tracker.self_describing_json.SelfDescribingJson object at 0x000001C782ECD550>, <snowplow_tracker.self_describing_json.SelfDescribingJson object at 0x000001C782ECFB10>]}


============================== 01:36:18.027367 | e040ceaa-677e-4e68-a538-035482f5d22d ==============================
[0m01:36:18.027367 [info ] [MainThread]: Running with dbt=1.9.2
[0m01:36:18.027367 [debug] [MainThread]: running dbt with arguments {'printer_width': '80', 'indirect_selection': 'eager', 'write_json': 'True', 'log_cache_events': 'False', 'partial_parse': 'True', 'cache_selected_only': 'False', 'profiles_dir': 'C:\\Users\\yusto\\.dbt', 'debug': 'False', 'version_check': 'True', 'log_path': 'logs', 'fail_fast': 'False', 'warn_error': 'None', 'use_colors': 'True', 'use_experimental_parser': 'False', 'no_print': 'None', 'quiet': 'False', 'empty': 'None', 'warn_error_options': 'WarnErrorOptions(include=[], exclude=[])', 'invocation_command': 'dbt deps', 'static_parser': 'True', 'log_format': 'default', 'target_path': 'None', 'introspect': 'True', 'send_anonymous_usage_stats': 'True'}
[0m01:36:18.037927 [error] [MainThread]: Encountered an error:
Runtime Error
  No dbt_project.yml found at expected path C:\Users\yusto\Downloads\apexgcpproject\dbt_project.yml
  Verify that each entry within packages.yml (and their transitive dependencies) contains a file named dbt_project.yml
  
[0m01:36:18.037927 [debug] [MainThread]: Command `dbt deps` failed at 01:36:18.037927 after 0.11 seconds
[0m01:36:18.039932 [debug] [MainThread]: Sending event: {'category': 'dbt', 'action': 'invocation', 'label': 'end', 'context': [<snowplow_tracker.self_describing_json.SelfDescribingJson object at 0x000001C7FCAD3ED0>, <snowplow_tracker.self_describing_json.SelfDescribingJson object at 0x000001C782EE8390>, <snowplow_tracker.self_describing_json.SelfDescribingJson object at 0x000001C782E72090>]}
[0m01:36:18.039932 [debug] [MainThread]: Flushing usage events
[0m01:36:20.673790 [debug] [MainThread]: An error was encountered while trying to flush usage events
[0m01:36:23.644823 [debug] [MainThread]: Sending event: {'category': 'dbt', 'action': 'invocation', 'label': 'start', 'context': [<snowplow_tracker.self_describing_json.SelfDescribingJson object at 0x000001C6173D7310>, <snowplow_tracker.self_describing_json.SelfDescribingJson object at 0x000001C617506FD0>, <snowplow_tracker.self_describing_json.SelfDescribingJson object at 0x000001C617532390>]}


============================== 01:36:23.652592 | 2d164a35-d7f8-4e9d-b93f-d9f8da4ea0af ==============================
[0m01:36:23.652592 [info ] [MainThread]: Running with dbt=1.9.2
[0m01:36:23.652592 [debug] [MainThread]: running dbt with arguments {'printer_width': '80', 'indirect_selection': 'eager', 'write_json': 'True', 'log_cache_events': 'False', 'partial_parse': 'True', 'cache_selected_only': 'False', 'profiles_dir': 'C:\\Users\\yusto\\.dbt', 'version_check': 'True', 'warn_error': 'None', 'log_path': 'logs', 'debug': 'False', 'fail_fast': 'False', 'use_colors': 'True', 'use_experimental_parser': 'False', 'empty': 'False', 'quiet': 'False', 'no_print': 'None', 'warn_error_options': 'WarnErrorOptions(include=[], exclude=[])', 'introspect': 'True', 'static_parser': 'True', 'log_format': 'default', 'target_path': 'None', 'invocation_command': 'dbt run', 'send_anonymous_usage_stats': 'True'}
[0m01:36:23.652592 [error] [MainThread]: Encountered an error:
Runtime Error
  No dbt_project.yml found at expected path C:\Users\yusto\Downloads\apexgcpproject\dbt_project.yml
  Verify that each entry within packages.yml (and their transitive dependencies) contains a file named dbt_project.yml
  
[0m01:36:23.652592 [debug] [MainThread]: Command `dbt run` failed at 01:36:23.652592 after 0.09 seconds
[0m01:36:23.652592 [debug] [MainThread]: Sending event: {'category': 'dbt', 'action': 'invocation', 'label': 'end', 'context': [<snowplow_tracker.self_describing_json.SelfDescribingJson object at 0x000001C617506E10>, <snowplow_tracker.self_describing_json.SelfDescribingJson object at 0x000001C617530B10>, <snowplow_tracker.self_describing_json.SelfDescribingJson object at 0x000001C6111D3ED0>]}
[0m01:36:23.652592 [debug] [MainThread]: Flushing usage events
[0m01:36:29.664050 [debug] [MainThread]: An error was encountered while trying to flush usage events
